<?xml version="1.0" encoding="UTF-8"?>
<testsuite name="com.github.faintful.localizer.PrompterTest" tests="1" skipped="0" failures="0" errors="0" timestamp="2021-08-27T10:43:19" hostname="SKYE-PC" time="0.038">
  <properties/>
  <testcase name="promptInvalidPath()" classname="com.github.faintful.localizer.PrompterTest" time="0.038"/>
  <system-out><![CDATA[]]></system-out>
  <system-err><![CDATA[]]></system-err>
</testsuite>
