<?xml version="1.0" encoding="UTF-8"?>
<testsuite name="com.github.faintful.localizer.LocalizationTest" tests="1" skipped="0" failures="0" errors="0" timestamp="2021-07-28T16:27:46" hostname="SKYE-PC" time="0.021">
  <properties/>
  <testcase name="isItAUserPromptedInput()" classname="com.github.faintful.localizer.LocalizationTest" time="0.021"/>
  <system-out><![CDATA[Please enter an input:
]]></system-out>
  <system-err><![CDATA[]]></system-err>
</testsuite>
