<?xml version="1.0" encoding="UTF-8"?>
<testsuite name="com.github.faintful.localizer.LocalizationTest" tests="1" skipped="0" failures="0" errors="0" timestamp="2021-08-13T22:49:44" hostname="SKYE-PC" time="0.02">
  <properties/>
  <testcase name="isTheExceptionSaved()" classname="com.github.faintful.localizer.LocalizationTest" time="0.02"/>
  <system-out><![CDATA[]]></system-out>
  <system-err><![CDATA[]]></system-err>
</testsuite>
